Release 14.7 - ngc2edif P.20131013 (nt64)
Copyright (c) 1995-2013 Xilinx, Inc.  All rights reserved.
Reading design dds1.ngc ...
WARNING:NetListWriters:298 - No output is written to dds1.xncf, ignored.
Processing design ...
   Preping design's networks ...
   Preping design's macros ...
  finished :Prep
Writing EDIF netlist file dds1.edif ...
ngc2edif: Total memory usage is 79208 kilobytes

Release 14.7 - ngc2edif P.20131013 (nt64)
Copyright (c) 1995-2013 Xilinx, Inc.  All rights reserved.
Reading design fifo.ngc ...
WARNING:NetListWriters:298 - No output is written to fifo.xncf, ignored.
Processing design ...
   Preping design's networks ...
   Preping design's macros ...
  finished :Prep
Writing EDIF netlist file fifo.edif ...
ngc2edif: Total memory usage is 79272 kilobytes

Release 14.7 - ngc2edif P.20131013 (nt64)
Copyright (c) 1995-2013 Xilinx, Inc.  All rights reserved.
Reading design dds1.ngc ...
WARNING:NetListWriters:298 - No output is written to dds1.xncf, ignored.
Processing design ...
   Preping design's networks ...
   Preping design's macros ...
  finished :Prep
Writing EDIF netlist file dds1.edif ...
ngc2edif: Total memory usage is 79336 kilobytes

