INFO:sim:172 - Generating IP...
WARNING:sim - Verilog simulation file type 'Behavioral' is not valid for this
   core. Overriding with simulation file type 'Structural'.
Resolving generics for 'dds_am16bit'...
WARNING:sim - Verilog simulation file type 'Behavioral' is not valid for this
   core. Overriding with simulation file type 'Structural'.
Applying external generics to 'dds_am16bit'...
Delivering associated files for 'dds_am16bit'...
Generating implementation netlist for 'dds_am16bit'...
INFO:sim - Pre-processing HDL files for 'dds_am16bit'...
Running synthesis for 'dds_am16bit'
Running ngcbuild...
Writing VEO instantiation template for 'dds_am16bit'...
WARNING:sim - Verilog simulation file type 'Behavioral' is not valid for this
   core. Overriding with simulation file type 'Structural'.
Writing Verilog structural simulation model for 'dds_am16bit'...
WARNING:sim - Verilog simulation file type 'Behavioral' is not valid for this
   core. Overriding with simulation file type 'Structural'.
Delivered 2 files into directory
C:/Work/Sokolov_SDR_TX_v2/ipcore_dir/tmp/_cg/dds_am16bit
Generating ASY schematic symbol...
INFO:sim:949 - Finished generation of ASY schematic symbol.
Generating SYM schematic symbol for 'dds_am16bit'...
Generating metadata file...
Generating ISE project...
XCO file found: dds_am16bit.xco
XMDF file found: dds_am16bit_xmdf.tcl
Adding C:/Work/Sokolov_SDR_TX_v2/ipcore_dir/tmp/_cg/dds_am16bit.asy -view all
-origin_type imported
Adding C:/Work/Sokolov_SDR_TX_v2/ipcore_dir/tmp/_cg/dds_am16bit.ngc -view all
-origin_type created
Checking file "C:/Work/Sokolov_SDR_TX_v2/ipcore_dir/tmp/_cg/dds_am16bit.ngc" for
project device match ...
File "C:/Work/Sokolov_SDR_TX_v2/ipcore_dir/tmp/_cg/dds_am16bit.ngc" device
information matches project device.
Adding C:/Work/Sokolov_SDR_TX_v2/ipcore_dir/tmp/_cg/dds_am16bit.sym -view all
-origin_type imported
Adding C:/Work/Sokolov_SDR_TX_v2/ipcore_dir/tmp/_cg/dds_am16bit.v -view all
-origin_type created
INFO:HDLCompiler:1845 - Analyzing Verilog file
   "C:/Work/Sokolov_SDR_TX_v2/ipcore_dir/tmp/_cg/dds_am16bit.v" into library
   work
INFO:ProjectMgmt - Parsing design hierarchy completed successfully.
Adding C:/Work/Sokolov_SDR_TX_v2/ipcore_dir/tmp/_cg/dds_am16bit.veo -view all
-origin_type imported
INFO:TclTasksC:2116 - The automatic calculation of top has been turned-off.
   Please set the new top explicitly by running the "project set top" command.
   To re-calculate the new top automatically, set the "Auto Implementation Top"
   property to true.
Top level has been set to "/dds_am16bit"
Generating README file...
Generating FLIST file...
INFO:sim:948 - Finished FLIST file generation.
Launching README viewer...
Moving files to output directory...
Finished moving files to output directory
Wrote CGP file for project 'dds_am16bit'.
